app/build/outputs/logs/manifest-merger-release-report.txt
-- Merging decision tree log ---
manifest
ADDED from src/main/AndroidManifest.xml:2:1-198:12
	package
		ADDED from src/main/AndroidManifest.xml:3:5-29
		INJECTED from src/main/AndroidManifest.xml
		INJECTED from src/main/AndroidManifest.xml
	android:versionName
		ADDED from src/main/AndroidManifest.xml:5:5-33
		INJECTED from src/main/AndroidManifest.xml
		INJECTED from src/main/AndroidManifest.xml
	android:versionCode
		ADDED from src/main/AndroidManifest.xml:4:5-29
		INJECTED from src/main/AndroidManifest.xml
		INJECTED from src/main/AndroidManifest.xml
	xmlns:android
		ADDED from src/main/AndroidManifest.xml:2:11-69
uses-permission#android.permission.INTERNET
ADDED from src/main/AndroidManifest.xml:7:5-67
	android:name
		ADDED from src/main/AndroidManifest.xml:7:22-64
uses-permission#android.permission.WRITE_EXTERNAL_STORAGE
ADDED from src/main/AndroidManifest.xml:8:5-81
	android:name
		ADDED from src/main/AndroidManifest.xml:8:22-78
uses-permission#android.permission.ACCESS_COARSE_LOCATION
ADDED from src/main/AndroidManifest.xml:9:5-81
	android:name
		ADDED from src/main/AndroidManifest.xml:9:22-78
uses-permission#android.permission.ACCESS_NETWORK_STATE
ADDED from src/main/AndroidManifest.xml:10:5-79
	android:name
		ADDED from src/main/AndroidManifest.xml:10:22-76
uses-permission#android.permission.ACCESS_FINE_LOCATION
ADDED from src/main/AndroidManifest.xml:11:5-79
	android:name
		ADDED from src/main/AndroidManifest.xml:11:22-76
uses-permission#android.permission.READ_PHONE_STATE
ADDED from src/main/AndroidManifest.xml:12:5-75
	android:name
		ADDED from src/main/AndroidManifest.xml:12:22-72
uses-permission#android.permission.CHANGE_WIFI_STATE
ADDED from src/main/AndroidManifest.xml:13:5-76
	android:name
		ADDED from src/main/AndroidManifest.xml:13:22-73
uses-permission#android.permission.ACCESS_WIFI_STATE
ADDED from src/main/AndroidManifest.xml:14:5-76
	android:name
		ADDED from src/main/AndroidManifest.xml:14:22-73
uses-permission#android.permission.CHANGE_CONFIGURATION
ADDED from src/main/AndroidManifest.xml:15:5-79
	android:name
		ADDED from src/main/AndroidManifest.xml:15:22-76
uses-permission#android.permission.WAKE_LOCK
ADDED from src/main/AndroidManifest.xml:16:5-68
	android:name
		ADDED from src/main/AndroidManifest.xml:16:22-65
uses-permission#android.permission.WRITE_SETTINGS
ADDED from src/main/AndroidManifest.xml:17:5-73
	android:name
		ADDED from src/main/AndroidManifest.xml:17:22-70
uses-permission#android.permission.ACCESS_LOCATION_EXTRA_COMMANDS
ADDED from src/main/AndroidManifest.xml:18:5-88
	android:name
		ADDED from src/main/AndroidManifest.xml:18:22-86
uses-permission#android.permission.READ_EXTERNAL_STORAGE
ADDED from src/main/AndroidManifest.xml:25:5-80
	android:name
		ADDED from src/main/AndroidManifest.xml:25:22-77
uses-permission#android.permission.READ_LOGS
ADDED from src/main/AndroidManifest.xml:27:5-68
	android:name
		ADDED from src/main/AndroidManifest.xml:27:22-65
uses-permission#android.permission.GET_TASKS
ADDED from src/main/AndroidManifest.xml:30:5-68
	android:name
		ADDED from src/main/AndroidManifest.xml:30:22-65
uses-permission#android.permission.SET_DEBUG_APP
ADDED from src/main/AndroidManifest.xml:31:5-72
	android:name
		ADDED from src/main/AndroidManifest.xml:31:22-69
uses-permission#android.permission.SYSTEM_ALERT_WINDOW
ADDED from src/main/AndroidManifest.xml:32:5-78
	android:name
		ADDED from src/main/AndroidManifest.xml:32:22-75
uses-permission#android.permission.GET_ACCOUNTS
ADDED from src/main/AndroidManifest.xml:33:5-71
	android:name
		ADDED from src/main/AndroidManifest.xml:33:22-68
uses-permission#android.permission.USE_CREDENTIALS
ADDED from src/main/AndroidManifest.xml:34:5-74
	android:name
		ADDED from src/main/AndroidManifest.xml:34:22-71
uses-permission#android.permission.MANAGE_ACCOUNTS
ADDED from src/main/AndroidManifest.xml:35:5-74
	android:name
		ADDED from src/main/AndroidManifest.xml:35:22-71
application
ADDED from src/main/AndroidManifest.xml:38:5-196:19
MERGED from [com.android.support:appcompat-v7:25.1.1] AndroidManifest.xml:25:5-20
MERGED from [com.android.support:support-v4:25.1.1] AndroidManifest.xml:25:5-20
MERGED from [com.android.support:support-fragment:25.1.1] AndroidManifest.xml:25:5-20
MERGED from [com.android.support:support-media-compat:25.1.1] AndroidManifest.xml:25:5-20
MERGED from [com.android.support:support-core-ui:25.1.1] AndroidManifest.xml:25:5-20
MERGED from [com.android.support:support-core-utils:25.1.1] AndroidManifest.xml:25:5-20
MERGED from [com.android.support:animated-vector-drawable:25.1.1] AndroidManifest.xml:22:5-20
MERGED from [com.android.support:support-vector-drawable:25.1.1] AndroidManifest.xml:23:5-20
MERGED from [com.android.support:support-compat:25.1.1] AndroidManifest.xml:25:5-20
	android:label
		ADDED from src/main/AndroidManifest.xml:42:9-41
	android:allowBackup
		ADDED from src/main/AndroidManifest.xml:40:9-35
	android:icon
		ADDED from src/main/AndroidManifest.xml:41:9-41
	android:theme
		ADDED from src/main/AndroidManifest.xml:43:9-62
	android:name
		ADDED from src/main/AndroidManifest.xml:39:9-59
receiver#com.hf.tianjin.utils.AutoUpdateBroadcastReceiver
ADDED from src/main/AndroidManifest.xml:46:9-51:20
	android:name
		ADDED from src/main/AndroidManifest.xml:46:19-82
intent-filter#android.intent.action.DOWNLOAD_COMPLETE
ADDED from src/main/AndroidManifest.xml:47:13-50:29
action#android.intent.action.DOWNLOAD_COMPLETE
ADDED from src/main/AndroidManifest.xml:48:17-82
	android:name
		ADDED from src/main/AndroidManifest.xml:48:25-79
meta-data#com.amap.api.v2.apikey
ADDED from src/main/AndroidManifest.xml:53:9-55:63
	android:value
		ADDED from src/main/AndroidManifest.xml:55:13-61
	android:name
		ADDED from src/main/AndroidManifest.xml:54:13-50
service#com.amap.api.location.APSService
ADDED from src/main/AndroidManifest.xml:58:9-68
	android:name
		ADDED from src/main/AndroidManifest.xml:58:18-65
meta-data#UMENG_APPKEY
ADDED from src/main/AndroidManifest.xml:61:9-63:56
	android:value
		ADDED from src/main/AndroidManifest.xml:63:13-53
	android:name
		ADDED from src/main/AndroidManifest.xml:62:13-40
activity#com.hf.tianjin.wxapi.WXEntryActivity
ADDED from src/main/AndroidManifest.xml:66:9-71:75
	android:screenOrientation
		ADDED from src/main/AndroidManifest.xml:70:13-49
	android:exported
		ADDED from src/main/AndroidManifest.xml:69:13-36
	android:configChanges
		ADDED from src/main/AndroidManifest.xml:68:13-74
	android:theme
		ADDED from src/main/AndroidManifest.xml:71:13-72
	android:name
		ADDED from src/main/AndroidManifest.xml:67:13-50
activity#com.tencent.tauth.AuthActivity
ADDED from src/main/AndroidManifest.xml:74:9-86:20
	android:launchMode
		ADDED from src/main/AndroidManifest.xml:76:13-44
	android:noHistory
		ADDED from src/main/AndroidManifest.xml:77:13-37
	android:name
		ADDED from src/main/AndroidManifest.xml:75:13-58
intent-filter#android.intent.action.VIEW+android.intent.category.BROWSABLE+android.intent.category.DEFAULT
ADDED from src/main/AndroidManifest.xml:78:13-85:29
action#android.intent.action.VIEW
ADDED from src/main/AndroidManifest.xml:79:17-69
	android:name
		ADDED from src/main/AndroidManifest.xml:79:25-66
category#android.intent.category.DEFAULT
ADDED from src/main/AndroidManifest.xml:81:17-76
	android:name
		ADDED from src/main/AndroidManifest.xml:81:27-73
category#android.intent.category.BROWSABLE
ADDED from src/main/AndroidManifest.xml:82:17-78
	android:name
		ADDED from src/main/AndroidManifest.xml:82:27-75
data
ADDED from src/main/AndroidManifest.xml:84:17-60
	android:scheme
		ADDED from src/main/AndroidManifest.xml:84:23-57
activity#com.tencent.connect.common.AssistActivity
ADDED from src/main/AndroidManifest.xml:87:9-91:75
	android:screenOrientation
		ADDED from src/main/AndroidManifest.xml:90:13-49
	android:configChanges
		ADDED from src/main/AndroidManifest.xml:89:13-74
	android:theme
		ADDED from src/main/AndroidManifest.xml:91:13-72
	android:name
		ADDED from src/main/AndroidManifest.xml:88:13-69
activity#com.umeng.socialize.editorpage.ShareActivity
ADDED from src/main/AndroidManifest.xml:94:9-97:54
	android:excludeFromRecents
		ADDED from src/main/AndroidManifest.xml:96:13-46
	android:theme
		ADDED from src/main/AndroidManifest.xml:97:13-51
	android:name
		ADDED from src/main/AndroidManifest.xml:95:13-72
activity#com.hf.tianjin.WelcomeActivity
ADDED from src/main/AndroidManifest.xml:100:9-108:20
	android:label
		ADDED from src/main/AndroidManifest.xml:102:13-45
	android:name
		ADDED from src/main/AndroidManifest.xml:101:13-58
intent-filter#android.intent.action.MAIN+android.intent.category.LAUNCHER
ADDED from src/main/AndroidManifest.xml:103:13-107:29
action#android.intent.action.MAIN
ADDED from src/main/AndroidManifest.xml:104:17-69
	android:name
		ADDED from src/main/AndroidManifest.xml:104:25-66
category#android.intent.category.LAUNCHER
ADDED from src/main/AndroidManifest.xml:106:17-77
	android:name
		ADDED from src/main/AndroidManifest.xml:106:27-74
activity#com.hf.tianjin.MainActivity
ADDED from src/main/AndroidManifest.xml:110:9-112:52
	android:screenOrientation
		ADDED from src/main/AndroidManifest.xml:112:13-49
	android:name
		ADDED from src/main/AndroidManifest.xml:111:13-55
activity#com.hf.tianjin.WarningDetailActivity
ADDED from src/main/AndroidManifest.xml:114:9-116:52
	android:screenOrientation
		ADDED from src/main/AndroidManifest.xml:116:13-49
	android:name
		ADDED from src/main/AndroidManifest.xml:115:13-64
activity#com.hf.tianjin.WarningListActivity
ADDED from src/main/AndroidManifest.xml:118:9-121:75
	android:screenOrientation
		ADDED from src/main/AndroidManifest.xml:120:13-49
	android:windowSoftInputMode
		ADDED from src/main/AndroidManifest.xml:121:13-72
	android:name
		ADDED from src/main/AndroidManifest.xml:119:13-62
activity#com.hf.tianjin.RouteWeatherActivity
ADDED from src/main/AndroidManifest.xml:123:9-125:52
	android:screenOrientation
		ADDED from src/main/AndroidManifest.xml:125:13-49
	android:name
		ADDED from src/main/AndroidManifest.xml:124:13-63
activity#com.hf.tianjin.RouteSearchActivity
ADDED from src/main/AndroidManifest.xml:127:9-129:52
	android:screenOrientation
		ADDED from src/main/AndroidManifest.xml:129:13-49
	android:name
		ADDED from src/main/AndroidManifest.xml:128:13-62
activity#com.hf.tianjin.StationMonitorActivity
ADDED from src/main/AndroidManifest.xml:131:9-133:52
	android:screenOrientation
		ADDED from src/main/AndroidManifest.xml:133:13-49
	android:name
		ADDED from src/main/AndroidManifest.xml:132:13-65
activity#com.hf.tianjin.StationMonitorDetailActivity
ADDED from src/main/AndroidManifest.xml:135:9-138:86
	android:screenOrientation
		ADDED from src/main/AndroidManifest.xml:137:13-47
	android:configChanges
		ADDED from src/main/AndroidManifest.xml:138:13-83
	android:name
		ADDED from src/main/AndroidManifest.xml:136:13-71
activity#com.hf.tianjin.StationMonitorSearchActivity
ADDED from src/main/AndroidManifest.xml:140:9-142:52
	android:screenOrientation
		ADDED from src/main/AndroidManifest.xml:142:13-49
	android:name
		ADDED from src/main/AndroidManifest.xml:141:13-71
activity#com.hf.tianjin.StationMonitorRankActivity
ADDED from src/main/AndroidManifest.xml:144:9-146:52
	android:screenOrientation
		ADDED from src/main/AndroidManifest.xml:146:13-49
	android:name
		ADDED from src/main/AndroidManifest.xml:145:13-69
activity#com.hf.tianjin.StationMonitorRankSearchActivity
ADDED from src/main/AndroidManifest.xml:148:9-150:52
	android:screenOrientation
		ADDED from src/main/AndroidManifest.xml:150:13-49
	android:name
		ADDED from src/main/AndroidManifest.xml:149:13-75
activity#com.hf.tianjin.CityActivity
ADDED from src/main/AndroidManifest.xml:152:9-155:52
	android:screenOrientation
		ADDED from src/main/AndroidManifest.xml:155:13-49
	android:launchMode
		ADDED from src/main/AndroidManifest.xml:154:13-44
	android:name
		ADDED from src/main/AndroidManifest.xml:153:13-55
activity#com.hf.tianjin.AreaActivity
ADDED from src/main/AndroidManifest.xml:157:9-160:52
	android:screenOrientation
		ADDED from src/main/AndroidManifest.xml:160:13-49
	android:launchMode
		ADDED from src/main/AndroidManifest.xml:159:13-44
	android:name
		ADDED from src/main/AndroidManifest.xml:158:13-55
activity#com.hf.tianjin.FeedbackActivity
ADDED from src/main/AndroidManifest.xml:162:9-165:52
	android:screenOrientation
		ADDED from src/main/AndroidManifest.xml:165:13-49
	android:launchMode
		ADDED from src/main/AndroidManifest.xml:164:13-44
	android:name
		ADDED from src/main/AndroidManifest.xml:163:13-59
activity#com.hf.tianjin.WaitWindActivity
ADDED from src/main/AndroidManifest.xml:167:9-170:52
	android:screenOrientation
		ADDED from src/main/AndroidManifest.xml:170:13-49
	android:launchMode
		ADDED from src/main/AndroidManifest.xml:169:13-44
	android:name
		ADDED from src/main/AndroidManifest.xml:168:13-59
activity#com.hf.tianjin.AboutUsActivity
ADDED from src/main/AndroidManifest.xml:172:9-175:52
	android:screenOrientation
		ADDED from src/main/AndroidManifest.xml:175:13-49
	android:launchMode
		ADDED from src/main/AndroidManifest.xml:174:13-44
	android:name
		ADDED from src/main/AndroidManifest.xml:173:13-58
activity#com.hf.tianjin.WebViewActivity
ADDED from src/main/AndroidManifest.xml:177:9-180:52
	android:screenOrientation
		ADDED from src/main/AndroidManifest.xml:180:13-49
	android:launchMode
		ADDED from src/main/AndroidManifest.xml:179:13-44
	android:name
		ADDED from src/main/AndroidManifest.xml:178:13-58
activity#com.hf.tianjin.QuanyunhuiActivity
ADDED from src/main/AndroidManifest.xml:182:9-185:52
	android:screenOrientation
		ADDED from src/main/AndroidManifest.xml:185:13-49
	android:launchMode
		ADDED from src/main/AndroidManifest.xml:184:13-44
	android:name
		ADDED from src/main/AndroidManifest.xml:183:13-61
activity#com.hf.tianjin.QualityActivity
ADDED from src/main/AndroidManifest.xml:187:9-190:52
	android:screenOrientation
		ADDED from src/main/AndroidManifest.xml:190:13-49
	android:launchMode
		ADDED from src/main/AndroidManifest.xml:189:13-44
	android:name
		ADDED from src/main/AndroidManifest.xml:188:13-58
activity#com.hf.tianjin.WarningActivity
ADDED from src/main/AndroidManifest.xml:192:9-194:52
	android:screenOrientation
		ADDED from src/main/AndroidManifest.xml:194:13-49
	android:name
		ADDED from src/main/AndroidManifest.xml:193:13-58
uses-sdk
INJECTED from src/main/AndroidManifest.xml reason: use-sdk injection requested
MERGED from [com.android.support:appcompat-v7:25.1.1] AndroidManifest.xml:21:5-23:78
MERGED from [com.android.support:support-v4:25.1.1] AndroidManifest.xml:21:5-23:54
MERGED from [com.android.support:support-fragment:25.1.1] AndroidManifest.xml:21:5-23:60
MERGED from [com.android.support:support-media-compat:25.1.1] AndroidManifest.xml:21:5-23:63
MERGED from [com.android.support:support-core-ui:25.1.1] AndroidManifest.xml:21:5-23:58
MERGED from [com.android.support:support-core-utils:25.1.1] AndroidManifest.xml:21:5-23:61
MERGED from [com.android.support:animated-vector-drawable:25.1.1] AndroidManifest.xml:20:5-44
MERGED from [com.android.support:support-vector-drawable:25.1.1] AndroidManifest.xml:21:5-43
MERGED from [com.android.support:support-compat:25.1.1] AndroidManifest.xml:21:5-23:58
	tools:overrideLibrary
		ADDED from [com.android.support:appcompat-v7:25.1.1] AndroidManifest.xml:23:9-75
	android:targetSdkVersion
		INJECTED from src/main/AndroidManifest.xml
		INJECTED from src/main/AndroidManifest.xml
	android:minSdkVersion
		INJECTED from src/main/AndroidManifest.xml
		INJECTED from src/main/AndroidManifest.xml